{
  "Cucumber Features": {
    "coverage": {
      "/home/codio/workspace/eggs/rottenpotatoes/app/models/goods_and_service.rb": {
        "lines": [
          1,
          1,
          null,
          1,
          0,
          null,
          null,
          1,
          0,
          0,
          null,
          null
        ]
      },
      "/home/codio/workspace/eggs/rottenpotatoes/app/controllers/goods_services_controller.rb": {
        "lines": [
          1,
          null,
          1,
          1,
          1,
          null,
          null,
          1,
          7,
          7,
          null,
          7,
          1,
          null,
          6,
          null,
          null,
          null,
          7,
          null,
          null,
          1,
          null,
          null,
          1,
          2,
          2,
          2,
          2,
          2,
          2,
          2,
          2,
          2,
          null,
          null,
          1,
          null,
          null,
          null,
          null,
          null,
          null,
          null,
          null,
          null,
          null,
          null,
          null,
          null,
          null,
          null,
          null,
          null,
          null,
          null,
          1,
          4,
          4,
          null,
          null,
          null,
          null,
          null,
          null,
          1,
          null,
          null,
          null,
          null,
          null,
          null,
          null,
          null,
          null,
          null,
          null,
          1,
          20,
          null,
          null,
          null
        ]
      },
      "/home/codio/workspace/eggs/rottenpotatoes/app/controllers/application_controller.rb": {
        "lines": [
          1,
          null,
          null,
          1,
          null
        ]
      },
      "/home/codio/workspace/eggs/rottenpotatoes/app/helpers/application_helper.rb": {
        "lines": [
          1,
          null
        ]
      },
      "/home/codio/workspace/eggs/rottenpotatoes/app/models/user_information.rb": {
        "lines": [
          1,
          1,
          null,
          1,
          1,
          null,
          null,
          1,
          0,
          null,
          null,
          0,
          null,
          null,
          null
        ]
      }
    },
    "timestamp": 1698868761
  },
  "RSpec": {
    "coverage": {
      "/home/codio/workspace/eggs/rottenpotatoes/app/helpers/application_helper.rb": {
        "lines": [
          1,
          null
        ]
      },
      "/home/codio/workspace/eggs/rottenpotatoes/app/controllers/goods_services_controller.rb": {
        "lines": [
          1,
          null,
          1,
          0,
          0,
          null,
          null,
          1,
          0,
          0,
          null,
          0,
          0,
          null,
          0,
          null,
          null,
          null,
          0,
          null,
          null,
          1,
          null,
          null,
          1,
          0,
          0,
          0,
          0,
          0,
          0,
          0,
          0,
          0,
          null,
          null,
          1,
          null,
          null,
          null,
          null,
          null,
          null,
          null,
          null,
          null,
          null,
          null,
          null,
          null,
          null,
          null,
          null,
          null,
          null,
          null,
          1,
          0,
          0,
          null,
          null,
          null,
          null,
          null,
          null,
          1,
          null,
          null,
          null,
          null,
          null,
          null,
          null,
          null,
          null,
          null,
          null,
          1,
          0,
          null,
          null,
          null
        ]
      },
      "/home/codio/workspace/eggs/rottenpotatoes/app/controllers/application_controller.rb": {
        "lines": [
          1,
          null,
          null,
          1,
          null
        ]
      },
      "/home/codio/workspace/eggs/rottenpotatoes/app/models/user_information.rb": {
        "lines": [
          1,
          1,
          null,
          1,
          1,
          null,
          null,
          1,
          7,
          null,
          null,
          10,
          null,
          null,
          null
        ]
      },
      "/home/codio/workspace/eggs/rottenpotatoes/app/models/goods_and_service.rb": {
        "lines": [
          1,
          1,
          null,
          1,
          1,
          null,
          null,
          1,
          2,
          1,
          null,
          null
        ]
      }
    },
    "timestamp": 1698868769
  }
}
